2024-06-05 10:40:49,538 INFO 1 ConsoleStarter.ExportDb - elec_price_model_version:电价模型板板;电价模型版本表，生失效时间左开右闭且不能重叠
2024-06-05 10:40:49,830 INFO 1 ConsoleStarter.ExportDb -             id:主键
2024-06-05 10:40:49,831 INFO 1 ConsoleStarter.ExportDb -             version:版本号;版本号，唯一
2024-06-05 10:40:49,832 INFO 1 ConsoleStarter.ExportDb -             start_time:生效时间;生效时间（左开右闭）
2024-06-05 10:40:49,832 INFO 1 ConsoleStarter.ExportDb -             end_time:失效时间;失效时间（左开右闭）
2024-06-05 10:40:49,832 INFO 1 ConsoleStarter.ExportDb -             created_by:创建人
2024-06-05 10:40:49,833 INFO 1 ConsoleStarter.ExportDb -             created_time:创建时间
2024-06-05 10:40:49,833 INFO 1 ConsoleStarter.ExportDb -             updated_by:更新人
2024-06-05 10:40:49,834 INFO 1 ConsoleStarter.ExportDb -             updated_time:更新时间
2024-06-05 10:40:49,835 INFO 1 ConsoleStarter.ExportDb - elec_price_model_version_detail:电价模型详情
2024-06-05 10:40:50,047 INFO 1 ConsoleStarter.ExportDb -             id:id
2024-06-05 10:40:50,048 INFO 1 ConsoleStarter.ExportDb -             version:版本号
2024-06-05 10:40:50,048 INFO 1 ConsoleStarter.ExportDb -             start_hour:开始时间
2024-06-05 10:40:50,049 INFO 1 ConsoleStarter.ExportDb -             start_minute:开始时间
2024-06-05 10:40:50,050 INFO 1 ConsoleStarter.ExportDb -             start_second:开始时间
2024-06-05 10:40:50,050 INFO 1 ConsoleStarter.ExportDb -             end_hour:结束时间
2024-06-05 10:40:50,050 INFO 1 ConsoleStarter.ExportDb -             end_minute:结束时间
2024-06-05 10:40:50,051 INFO 1 ConsoleStarter.ExportDb -             end_second:结束时间
2024-06-05 10:40:50,051 INFO 1 ConsoleStarter.ExportDb -             price:价格;以分为单位存储
2024-06-05 10:40:50,052 INFO 1 ConsoleStarter.ExportDb -             type:尖峰平谷类型;1-尖；2-峰；3-平；4-谷
2024-06-05 10:40:50,052 INFO 1 ConsoleStarter.ExportDb -             battery_count:需要电池数量
2024-06-05 10:40:50,053 INFO 1 ConsoleStarter.ExportDb -             created_by:创建人
2024-06-05 10:40:50,053 INFO 1 ConsoleStarter.ExportDb -             created_time:创建时间
2024-06-05 10:40:50,054 INFO 1 ConsoleStarter.ExportDb -             updated_by:更新人
2024-06-05 10:40:50,054 INFO 1 ConsoleStarter.ExportDb -             updated_time:更新时间
2024-06-05 10:45:05,597 INFO 1 ConsoleStarter.ExportDb - elec_price_model_version:电价模型板板;电价模型版本表，生失效时间左开右闭且不能重叠
2024-06-05 10:45:05,853 INFO 1 ConsoleStarter.ExportDb -             id:主键
2024-06-05 10:45:05,853 INFO 1 ConsoleStarter.ExportDb -             version:版本号;版本号，唯一
2024-06-05 10:45:05,854 INFO 1 ConsoleStarter.ExportDb -             start_time:生效时间;生效时间（左开右闭）
2024-06-05 10:45:05,854 INFO 1 ConsoleStarter.ExportDb -             end_time:失效时间;失效时间（左开右闭）
2024-06-05 10:45:05,854 INFO 1 ConsoleStarter.ExportDb -             created_by:创建人
2024-06-05 10:45:05,855 INFO 1 ConsoleStarter.ExportDb -             created_time:创建时间
2024-06-05 10:45:05,855 INFO 1 ConsoleStarter.ExportDb -             updated_by:更新人
2024-06-05 10:45:05,855 INFO 1 ConsoleStarter.ExportDb -             updated_time:更新时间
2024-06-05 10:45:05,856 INFO 1 ConsoleStarter.ExportDb - elec_price_model_version_detail:电价模型详情
2024-06-05 10:45:06,125 INFO 1 ConsoleStarter.ExportDb -             id:id
2024-06-05 10:45:06,125 INFO 1 ConsoleStarter.ExportDb -             version:版本号
2024-06-05 10:45:06,126 INFO 1 ConsoleStarter.ExportDb -             start_hour:开始时间
2024-06-05 10:45:06,126 INFO 1 ConsoleStarter.ExportDb -             start_minute:开始时间
2024-06-05 10:45:06,127 INFO 1 ConsoleStarter.ExportDb -             start_second:开始时间
2024-06-05 10:45:06,127 INFO 1 ConsoleStarter.ExportDb -             end_hour:结束时间
2024-06-05 10:45:06,127 INFO 1 ConsoleStarter.ExportDb -             end_minute:结束时间
2024-06-05 10:45:06,128 INFO 1 ConsoleStarter.ExportDb -             end_second:结束时间
2024-06-05 10:45:06,128 INFO 1 ConsoleStarter.ExportDb -             price:价格;以分为单位存储
2024-06-05 10:45:06,128 INFO 1 ConsoleStarter.ExportDb -             type:尖峰平谷类型;1-尖；2-峰；3-平；4-谷
2024-06-05 10:45:06,128 INFO 1 ConsoleStarter.ExportDb -             battery_count:需要电池数量
2024-06-05 10:45:06,129 INFO 1 ConsoleStarter.ExportDb -             created_by:创建人
2024-06-05 10:45:06,129 INFO 1 ConsoleStarter.ExportDb -             created_time:创建时间
2024-06-05 10:45:06,129 INFO 1 ConsoleStarter.ExportDb -             updated_by:更新人
2024-06-05 10:45:06,129 INFO 1 ConsoleStarter.ExportDb -             updated_time:更新时间
2024-06-05 10:45:27,873 INFO 1 ConsoleStarter.ExportDb - elec_price_model_version:电价模型板板;电价模型版本表，生失效时间左开右闭且不能重叠
2024-06-05 10:45:28,212 INFO 1 ConsoleStarter.ExportDb -             id:主键
2024-06-05 10:45:28,213 INFO 1 ConsoleStarter.ExportDb -             version:版本号;版本号，唯一
2024-06-05 10:45:28,213 INFO 1 ConsoleStarter.ExportDb -             start_time:生效时间;生效时间（左开右闭）
2024-06-05 10:45:28,214 INFO 1 ConsoleStarter.ExportDb -             end_time:失效时间;失效时间（左开右闭）
2024-06-05 10:45:28,214 INFO 1 ConsoleStarter.ExportDb -             created_by:创建人
2024-06-05 10:45:28,214 INFO 1 ConsoleStarter.ExportDb -             created_time:创建时间
2024-06-05 10:45:28,214 INFO 1 ConsoleStarter.ExportDb -             updated_by:更新人
2024-06-05 10:45:28,215 INFO 1 ConsoleStarter.ExportDb -             updated_time:更新时间
2024-06-05 10:45:28,215 INFO 1 ConsoleStarter.ExportDb - elec_price_model_version_detail:电价模型详情
2024-06-05 10:45:28,483 INFO 1 ConsoleStarter.ExportDb -             id:id
2024-06-05 10:45:28,484 INFO 1 ConsoleStarter.ExportDb -             version:版本号
2024-06-05 10:45:28,484 INFO 1 ConsoleStarter.ExportDb -             start_hour:开始时间
2024-06-05 10:45:28,485 INFO 1 ConsoleStarter.ExportDb -             start_minute:开始时间
2024-06-05 10:45:28,485 INFO 1 ConsoleStarter.ExportDb -             start_second:开始时间
2024-06-05 10:45:28,485 INFO 1 ConsoleStarter.ExportDb -             end_hour:结束时间
2024-06-05 10:45:28,486 INFO 1 ConsoleStarter.ExportDb -             end_minute:结束时间
2024-06-05 10:45:28,486 INFO 1 ConsoleStarter.ExportDb -             end_second:结束时间
2024-06-05 10:45:28,486 INFO 1 ConsoleStarter.ExportDb -             price:价格;以分为单位存储
2024-06-05 10:45:28,486 INFO 1 ConsoleStarter.ExportDb -             type:尖峰平谷类型;1-尖；2-峰；3-平；4-谷
2024-06-05 10:45:28,487 INFO 1 ConsoleStarter.ExportDb -             battery_count:需要电池数量
2024-06-05 10:45:28,487 INFO 1 ConsoleStarter.ExportDb -             created_by:创建人
2024-06-05 10:45:28,487 INFO 1 ConsoleStarter.ExportDb -             created_time:创建时间
2024-06-05 10:45:28,487 INFO 1 ConsoleStarter.ExportDb -             updated_by:更新人
2024-06-05 10:45:28,488 INFO 1 ConsoleStarter.ExportDb -             updated_time:更新时间
